2025-02-06 22:03:54.610 +02:00 [INF] 🚀 Starting POS API...
2025-02-06 22:03:54.710 +02:00 [INF] User profile is available. Using 'C:\Users\pinto\AppData\Local\ASP.NET\DataProtection-Keys' as key repository and Windows DPAPI to encrypt keys at rest.
2025-02-06 22:03:54.904 +02:00 [ERR] Hosting failed to start
System.IO.IOException: Failed to bind to address http://127.0.0.1:5107: address already in use.
 ---> Microsoft.AspNetCore.Connections.AddressInUseException: Only one usage of each socket address (protocol/network address/port) is normally permitted.
 ---> System.Net.Sockets.SocketException (10048): Only one usage of each socket address (protocol/network address/port) is normally permitted.
   at System.Net.Sockets.Socket.UpdateStatusAfterSocketErrorAndThrowException(SocketError error, Boolean disconnectOnFailure, String callerName)
   at System.Net.Sockets.Socket.DoBind(EndPoint endPointSnapshot, SocketAddress socketAddress)
   at System.Net.Sockets.Socket.Bind(EndPoint localEP)
   at Microsoft.AspNetCore.Server.Kestrel.Transport.Sockets.SocketTransportOptions.CreateDefaultBoundListenSocket(EndPoint endpoint)
   at Microsoft.AspNetCore.Server.Kestrel.Transport.Sockets.SocketConnectionListener.Bind()
   --- End of inner exception stack trace ---
   at Microsoft.AspNetCore.Server.Kestrel.Transport.Sockets.SocketConnectionListener.Bind()
   at Microsoft.AspNetCore.Server.Kestrel.Transport.Sockets.SocketTransportFactory.BindAsync(EndPoint endpoint, CancellationToken cancellationToken)
   at Microsoft.AspNetCore.Server.Kestrel.Core.Internal.Infrastructure.TransportManager.BindAsync(EndPoint endPoint, ConnectionDelegate connectionDelegate, EndpointConfig endpointConfig, CancellationToken cancellationToken)
   at Microsoft.AspNetCore.Server.Kestrel.Core.KestrelServerImpl.<>c__DisplayClass28_0`1.<<StartAsync>g__OnBind|0>d.MoveNext()
--- End of stack trace from previous location ---
   at Microsoft.AspNetCore.Server.Kestrel.Core.Internal.AddressBinder.BindEndpointAsync(ListenOptions endpoint, AddressBindContext context, CancellationToken cancellationToken)
   --- End of inner exception stack trace ---
   at Microsoft.AspNetCore.Server.Kestrel.Core.Internal.AddressBinder.BindEndpointAsync(ListenOptions endpoint, AddressBindContext context, CancellationToken cancellationToken)
   at Microsoft.AspNetCore.Server.Kestrel.Core.LocalhostListenOptions.BindAsync(AddressBindContext context, CancellationToken cancellationToken)
   at Microsoft.AspNetCore.Server.Kestrel.Core.Internal.AddressBinder.AddressesStrategy.BindAsync(AddressBindContext context, CancellationToken cancellationToken)
   at Microsoft.AspNetCore.Server.Kestrel.Core.Internal.AddressBinder.BindAsync(ListenOptions[] listenOptions, AddressBindContext context, Func`2 useHttps, CancellationToken cancellationToken)
   at Microsoft.AspNetCore.Server.Kestrel.Core.KestrelServerImpl.BindAsync(CancellationToken cancellationToken)
   at Microsoft.AspNetCore.Server.Kestrel.Core.KestrelServerImpl.StartAsync[TContext](IHttpApplication`1 application, CancellationToken cancellationToken)
   at Microsoft.AspNetCore.Hosting.GenericWebHostService.StartAsync(CancellationToken cancellationToken)
   at Microsoft.Extensions.Hosting.Internal.Host.<StartAsync>b__15_1(IHostedService service, CancellationToken token)
   at Microsoft.Extensions.Hosting.Internal.Host.ForeachService[T](IEnumerable`1 services, CancellationToken token, Boolean concurrent, Boolean abortOnFirstException, List`1 exceptions, Func`3 operation)
2025-02-06 22:04:06.866 +02:00 [INF] 🚀 Starting POS API...
2025-02-06 22:04:06.918 +02:00 [INF] User profile is available. Using 'C:\Users\pinto\AppData\Local\ASP.NET\DataProtection-Keys' as key repository and Windows DPAPI to encrypt keys at rest.
2025-02-06 22:04:07.004 +02:00 [INF] Now listening on: https://localhost:7005
2025-02-06 22:04:07.006 +02:00 [INF] Now listening on: http://localhost:5107
2025-02-06 22:04:07.075 +02:00 [INF] Application started. Press Ctrl+C to shut down.
2025-02-06 22:04:07.076 +02:00 [INF] Hosting environment: Development
2025-02-06 22:04:07.077 +02:00 [INF] Content root path: C:\Users\pinto\Documents\Development\POS\pos-backend
2025-02-06 22:04:08.063 +02:00 [INF] Request starting HTTP/2 GET https://localhost:7005/swagger/index.html - null null
2025-02-06 22:04:08.244 +02:00 [INF] Request finished HTTP/2 GET https://localhost:7005/swagger/index.html - 200 null text/html;charset=utf-8 182.2756ms
2025-02-06 22:04:08.314 +02:00 [INF] Request starting HTTP/2 GET https://localhost:7005/swagger/swagger-ui.css - null null
2025-02-06 22:04:08.314 +02:00 [INF] Request starting HTTP/2 GET https://localhost:7005/_framework/aspnetcore-browser-refresh.js - null null
2025-02-06 22:04:08.314 +02:00 [INF] Request starting HTTP/2 GET https://localhost:7005/swagger/swagger-ui-bundle.js - null null
2025-02-06 22:04:08.316 +02:00 [INF] Request starting HTTP/2 GET https://localhost:7005/swagger/swagger-ui-standalone-preset.js - null null
2025-02-06 22:04:08.316 +02:00 [INF] Request starting HTTP/2 GET https://localhost:7005/_vs/browserLink - null null
2025-02-06 22:04:08.322 +02:00 [INF] The file /swagger-ui.css was not modified
2025-02-06 22:04:08.322 +02:00 [INF] The file /swagger-ui-bundle.js was not modified
2025-02-06 22:04:08.324 +02:00 [INF] Request finished HTTP/2 GET https://localhost:7005/_framework/aspnetcore-browser-refresh.js - 200 13756 application/javascript; charset=utf-8 9.9539ms
2025-02-06 22:04:08.325 +02:00 [INF] The file /swagger-ui-standalone-preset.js was not modified
2025-02-06 22:04:08.328 +02:00 [INF] Request finished HTTP/2 GET https://localhost:7005/swagger/swagger-ui.css - 304 null text/css 14.4615ms
2025-02-06 22:04:08.329 +02:00 [INF] Request finished HTTP/2 GET https://localhost:7005/swagger/swagger-ui-bundle.js - 304 null text/javascript 15.1742ms
2025-02-06 22:04:08.335 +02:00 [INF] Request finished HTTP/2 GET https://localhost:7005/swagger/swagger-ui-standalone-preset.js - 304 null text/javascript 19.3291ms
2025-02-06 22:04:08.405 +02:00 [INF] Request finished HTTP/2 GET https://localhost:7005/_vs/browserLink - 200 null text/javascript; charset=UTF-8 89.3626ms
2025-02-06 22:04:08.518 +02:00 [INF] Request starting HTTP/2 GET https://localhost:7005/swagger/v1/swagger.json - null null
2025-02-06 22:04:08.525 +02:00 [INF] Request finished HTTP/2 GET https://localhost:7005/swagger/v1/swagger.json - 200 null application/json;charset=utf-8 7.2711ms
